Started GET "/" for 127.0.0.1 at 2019-02-26 14:49:31 -0600
Processing by Rails::WelcomeController#index as HTML
  Rendering /Users/colin/.rbenv/versions/2.6.1/lib/ruby/gems/2.6.0/gems/railties-5.2.2/lib/rails/templates/rails/welcome/index.html.erb
  Rendered /Users/colin/.rbenv/versions/2.6.1/lib/ruby/gems/2.6.0/gems/railties-5.2.2/lib/rails/templates/rails/welcome/index.html.erb (4.6ms)
Completed 200 OK in 19ms (Views: 11.2ms | ActiveRecord: 0.0ms)


Started GET "/" for 127.0.0.1 at 2019-02-26 14:49:49 -0600
Processing by Rails::WelcomeController#index as HTML
  Rendering /Users/colin/.rbenv/versions/2.6.1/lib/ruby/gems/2.6.0/gems/railties-5.2.2/lib/rails/templates/rails/welcome/index.html.erb
  Rendered /Users/colin/.rbenv/versions/2.6.1/lib/ruby/gems/2.6.0/gems/railties-5.2.2/lib/rails/templates/rails/welcome/index.html.erb (3.2ms)
Completed 200 OK in 9ms (Views: 5.8ms | ActiveRecord: 0.0ms)


Started GET "/" for 127.0.0.1 at 2019-02-26 14:49:50 -0600
Processing by Rails::WelcomeController#index as HTML
  Rendering /Users/colin/.rbenv/versions/2.6.1/lib/ruby/gems/2.6.0/gems/railties-5.2.2/lib/rails/templates/rails/welcome/index.html.erb
  Rendered /Users/colin/.rbenv/versions/2.6.1/lib/ruby/gems/2.6.0/gems/railties-5.2.2/lib/rails/templates/rails/welcome/index.html.erb (3.1ms)
Completed 200 OK in 8ms (Views: 5.4ms | ActiveRecord: 0.0ms)


Started GET "/" for 127.0.0.1 at 2019-02-26 14:50:16 -0600
Processing by Rails::WelcomeController#index as HTML
  Rendering /Users/colin/.rbenv/versions/2.6.1/lib/ruby/gems/2.6.0/gems/railties-5.2.2/lib/rails/templates/rails/welcome/index.html.erb
  Rendered /Users/colin/.rbenv/versions/2.6.1/lib/ruby/gems/2.6.0/gems/railties-5.2.2/lib/rails/templates/rails/welcome/index.html.erb (3.7ms)
Completed 200 OK in 8ms (Views: 5.8ms | ActiveRecord: 0.0ms)


Started GET "/" for 127.0.0.1 at 2019-02-26 14:50:16 -0600
Processing by Rails::WelcomeController#index as HTML
  Rendering /Users/colin/.rbenv/versions/2.6.1/lib/ruby/gems/2.6.0/gems/railties-5.2.2/lib/rails/templates/rails/welcome/index.html.erb
  Rendered /Users/colin/.rbenv/versions/2.6.1/lib/ruby/gems/2.6.0/gems/railties-5.2.2/lib/rails/templates/rails/welcome/index.html.erb (3.0ms)
Completed 200 OK in 8ms (Views: 5.4ms | ActiveRecord: 0.0ms)


Started GET "/" for 127.0.0.1 at 2019-02-26 14:50:16 -0600
Processing by Rails::WelcomeController#index as HTML
  Rendering /Users/colin/.rbenv/versions/2.6.1/lib/ruby/gems/2.6.0/gems/railties-5.2.2/lib/rails/templates/rails/welcome/index.html.erb
  Rendered /Users/colin/.rbenv/versions/2.6.1/lib/ruby/gems/2.6.0/gems/railties-5.2.2/lib/rails/templates/rails/welcome/index.html.erb (3.0ms)
Completed 200 OK in 7ms (Views: 5.0ms | ActiveRecord: 0.0ms)


Started GET "/" for 127.0.0.1 at 2019-02-26 14:50:16 -0600
Processing by Rails::WelcomeController#index as HTML
  Rendering /Users/colin/.rbenv/versions/2.6.1/lib/ruby/gems/2.6.0/gems/railties-5.2.2/lib/rails/templates/rails/welcome/index.html.erb
  Rendered /Users/colin/.rbenv/versions/2.6.1/lib/ruby/gems/2.6.0/gems/railties-5.2.2/lib/rails/templates/rails/welcome/index.html.erb (5.0ms)
Completed 200 OK in 9ms (Views: 7.5ms | ActiveRecord: 0.0ms)


Started GET "/" for 127.0.0.1 at 2019-02-26 14:50:17 -0600
Processing by Rails::WelcomeController#index as HTML
  Rendering /Users/colin/.rbenv/versions/2.6.1/lib/ruby/gems/2.6.0/gems/railties-5.2.2/lib/rails/templates/rails/welcome/index.html.erb
  Rendered /Users/colin/.rbenv/versions/2.6.1/lib/ruby/gems/2.6.0/gems/railties-5.2.2/lib/rails/templates/rails/welcome/index.html.erb (3.2ms)
Completed 200 OK in 7ms (Views: 5.3ms | ActiveRecord: 0.0ms)


Started GET "/hello-workshop-folks!" for 127.0.0.1 at 2019-02-26 14:50:40 -0600
  
ActionController::RoutingError (No route matches [GET] "/hello-workshop-folks!"):
  
actionpack (5.2.2) lib/action_dispatch/middleware/debug_exceptions.rb:65:in `call'
web-console (3.7.0) lib/web_console/middleware.rb:135:in `call_app'
web-console (3.7.0) lib/web_console/middleware.rb:30:in `block in call'
web-console (3.7.0) lib/web_console/middleware.rb:20:in `catch'
web-console (3.7.0) lib/web_console/middleware.rb:20:in `call'
actionpack (5.2.2) lib/action_dispatch/middleware/show_exceptions.rb:33:in `call'
railties (5.2.2) lib/rails/rack/logger.rb:38:in `call_app'
railties (5.2.2) lib/rails/rack/logger.rb:26:in `block in call'
activesupport (5.2.2) lib/active_support/tagged_logging.rb:71:in `block in tagged'
activesupport (5.2.2) lib/active_support/tagged_logging.rb:28:in `tagged'
activesupport (5.2.2) lib/active_support/tagged_logging.rb:71:in `tagged'
railties (5.2.2) lib/rails/rack/logger.rb:26:in `call'
sprockets-rails (3.2.1) lib/sprockets/rails/quiet_assets.rb:13:in `call'
actionpack (5.2.2) lib/action_dispatch/middleware/remote_ip.rb:81:in `call'
actionpack (5.2.2) lib/action_dispatch/middleware/request_id.rb:27:in `call'
rack (2.0.6) lib/rack/method_override.rb:22:in `call'
rack (2.0.6) lib/rack/runtime.rb:22:in `call'
activesupport (5.2.2) lib/active_support/cache/strategy/local_cache_middleware.rb:29:in `call'
actionpack (5.2.2) lib/action_dispatch/middleware/executor.rb:14:in `call'
actionpack (5.2.2) lib/action_dispatch/middleware/static.rb:127:in `call'
rack (2.0.6) lib/rack/sendfile.rb:111:in `call'
railties (5.2.2) lib/rails/engine.rb:524:in `call'
puma (3.12.0) lib/puma/configuration.rb:225:in `call'
puma (3.12.0) lib/puma/server.rb:658:in `handle_request'
puma (3.12.0) lib/puma/server.rb:472:in `process_client'
puma (3.12.0) lib/puma/server.rb:332:in `block in run'
puma (3.12.0) lib/puma/thread_pool.rb:133:in `block in spawn_thread'
Started GET "/" for 127.0.0.1 at 2019-02-26 14:50:50 -0600
Processing by Rails::WelcomeController#index as HTML
  Rendering /Users/colin/.rbenv/versions/2.6.1/lib/ruby/gems/2.6.0/gems/railties-5.2.2/lib/rails/templates/rails/welcome/index.html.erb
  Rendered /Users/colin/.rbenv/versions/2.6.1/lib/ruby/gems/2.6.0/gems/railties-5.2.2/lib/rails/templates/rails/welcome/index.html.erb (4.5ms)
Completed 200 OK in 10ms (Views: 6.8ms | ActiveRecord: 0.0ms)


Started GET "/" for 127.0.0.1 at 2019-02-26 14:50:51 -0600
Processing by Rails::WelcomeController#index as HTML
  Rendering /Users/colin/.rbenv/versions/2.6.1/lib/ruby/gems/2.6.0/gems/railties-5.2.2/lib/rails/templates/rails/welcome/index.html.erb
  Rendered /Users/colin/.rbenv/versions/2.6.1/lib/ruby/gems/2.6.0/gems/railties-5.2.2/lib/rails/templates/rails/welcome/index.html.erb (2.7ms)
Completed 200 OK in 7ms (Views: 5.0ms | ActiveRecord: 0.0ms)


Started GET "/" for 127.0.0.1 at 2019-02-26 14:50:51 -0600
Processing by Rails::WelcomeController#index as HTML
  Rendering /Users/colin/.rbenv/versions/2.6.1/lib/ruby/gems/2.6.0/gems/railties-5.2.2/lib/rails/templates/rails/welcome/index.html.erb
  Rendered /Users/colin/.rbenv/versions/2.6.1/lib/ruby/gems/2.6.0/gems/railties-5.2.2/lib/rails/templates/rails/welcome/index.html.erb (2.6ms)
Completed 200 OK in 7ms (Views: 5.1ms | ActiveRecord: 0.0ms)


Started GET "/" for 127.0.0.1 at 2019-02-26 14:50:51 -0600
Processing by Rails::WelcomeController#index as HTML
  Rendering /Users/colin/.rbenv/versions/2.6.1/lib/ruby/gems/2.6.0/gems/railties-5.2.2/lib/rails/templates/rails/welcome/index.html.erb
  Rendered /Users/colin/.rbenv/versions/2.6.1/lib/ruby/gems/2.6.0/gems/railties-5.2.2/lib/rails/templates/rails/welcome/index.html.erb (3.0ms)
Completed 200 OK in 8ms (Views: 4.5ms | ActiveRecord: 0.0ms)


Started GET "/" for 127.0.0.1 at 2019-02-26 14:50:51 -0600
Processing by Rails::WelcomeController#index as HTML
  Rendering /Users/colin/.rbenv/versions/2.6.1/lib/ruby/gems/2.6.0/gems/railties-5.2.2/lib/rails/templates/rails/welcome/index.html.erb
  Rendered /Users/colin/.rbenv/versions/2.6.1/lib/ruby/gems/2.6.0/gems/railties-5.2.2/lib/rails/templates/rails/welcome/index.html.erb (3.9ms)
Completed 200 OK in 12ms (Views: 6.6ms | ActiveRecord: 0.0ms)


Started GET "/" for 127.0.0.1 at 2019-02-26 14:50:51 -0600
Processing by Rails::WelcomeController#index as HTML
  Rendering /Users/colin/.rbenv/versions/2.6.1/lib/ruby/gems/2.6.0/gems/railties-5.2.2/lib/rails/templates/rails/welcome/index.html.erb
  Rendered /Users/colin/.rbenv/versions/2.6.1/lib/ruby/gems/2.6.0/gems/railties-5.2.2/lib/rails/templates/rails/welcome/index.html.erb (4.4ms)
Completed 200 OK in 8ms (Views: 6.2ms | ActiveRecord: 0.0ms)


Started GET "/" for 127.0.0.1 at 2019-02-26 14:50:52 -0600
Processing by Rails::WelcomeController#index as HTML
  Rendering /Users/colin/.rbenv/versions/2.6.1/lib/ruby/gems/2.6.0/gems/railties-5.2.2/lib/rails/templates/rails/welcome/index.html.erb
  Rendered /Users/colin/.rbenv/versions/2.6.1/lib/ruby/gems/2.6.0/gems/railties-5.2.2/lib/rails/templates/rails/welcome/index.html.erb (23.4ms)
Completed 200 OK in 27ms (Views: 25.4ms | ActiveRecord: 0.0ms)


Started GET "/" for 127.0.0.1 at 2019-02-26 14:50:52 -0600
Processing by Rails::WelcomeController#index as HTML
  Rendering /Users/colin/.rbenv/versions/2.6.1/lib/ruby/gems/2.6.0/gems/railties-5.2.2/lib/rails/templates/rails/welcome/index.html.erb
  Rendered /Users/colin/.rbenv/versions/2.6.1/lib/ruby/gems/2.6.0/gems/railties-5.2.2/lib/rails/templates/rails/welcome/index.html.erb (3.1ms)
Completed 200 OK in 7ms (Views: 5.0ms | ActiveRecord: 0.0ms)


Started GET "/" for 127.0.0.1 at 2019-02-26 14:51:01 -0600
Processing by Rails::WelcomeController#index as HTML
  Rendering /Users/colin/.rbenv/versions/2.6.1/lib/ruby/gems/2.6.0/gems/railties-5.2.2/lib/rails/templates/rails/welcome/index.html.erb
  Rendered /Users/colin/.rbenv/versions/2.6.1/lib/ruby/gems/2.6.0/gems/railties-5.2.2/lib/rails/templates/rails/welcome/index.html.erb (2.2ms)
Completed 200 OK in 5ms (Views: 3.8ms | ActiveRecord: 0.0ms)


Started GET "/" for 127.0.0.1 at 2019-02-26 14:51:02 -0600
Processing by Rails::WelcomeController#index as HTML
  Rendering /Users/colin/.rbenv/versions/2.6.1/lib/ruby/gems/2.6.0/gems/railties-5.2.2/lib/rails/templates/rails/welcome/index.html.erb
  Rendered /Users/colin/.rbenv/versions/2.6.1/lib/ruby/gems/2.6.0/gems/railties-5.2.2/lib/rails/templates/rails/welcome/index.html.erb (2.3ms)
Completed 200 OK in 6ms (Views: 4.4ms | ActiveRecord: 0.0ms)


Started GET "/" for 127.0.0.1 at 2019-02-26 14:51:02 -0600
Processing by Rails::WelcomeController#index as HTML
  Rendering /Users/colin/.rbenv/versions/2.6.1/lib/ruby/gems/2.6.0/gems/railties-5.2.2/lib/rails/templates/rails/welcome/index.html.erb
  Rendered /Users/colin/.rbenv/versions/2.6.1/lib/ruby/gems/2.6.0/gems/railties-5.2.2/lib/rails/templates/rails/welcome/index.html.erb (2.1ms)
Completed 200 OK in 5ms (Views: 3.6ms | ActiveRecord: 0.0ms)


Started GET "/" for 127.0.0.1 at 2019-02-26 14:51:02 -0600
Processing by Rails::WelcomeController#index as HTML
  Rendering /Users/colin/.rbenv/versions/2.6.1/lib/ruby/gems/2.6.0/gems/railties-5.2.2/lib/rails/templates/rails/welcome/index.html.erb
  Rendered /Users/colin/.rbenv/versions/2.6.1/lib/ruby/gems/2.6.0/gems/railties-5.2.2/lib/rails/templates/rails/welcome/index.html.erb (2.7ms)
Completed 200 OK in 7ms (Views: 4.5ms | ActiveRecord: 0.0ms)


Started GET "/" for 127.0.0.1 at 2019-02-26 14:51:02 -0600
Processing by Rails::WelcomeController#index as HTML
  Rendering /Users/colin/.rbenv/versions/2.6.1/lib/ruby/gems/2.6.0/gems/railties-5.2.2/lib/rails/templates/rails/welcome/index.html.erb
  Rendered /Users/colin/.rbenv/versions/2.6.1/lib/ruby/gems/2.6.0/gems/railties-5.2.2/lib/rails/templates/rails/welcome/index.html.erb (2.9ms)
Completed 200 OK in 7ms (Views: 5.4ms | ActiveRecord: 0.0ms)


Started GET "/" for 127.0.0.1 at 2019-02-26 14:51:02 -0600
Processing by Rails::WelcomeController#index as HTML
  Rendering /Users/colin/.rbenv/versions/2.6.1/lib/ruby/gems/2.6.0/gems/railties-5.2.2/lib/rails/templates/rails/welcome/index.html.erb
  Rendered /Users/colin/.rbenv/versions/2.6.1/lib/ruby/gems/2.6.0/gems/railties-5.2.2/lib/rails/templates/rails/welcome/index.html.erb (2.2ms)
Completed 200 OK in 5ms (Views: 3.7ms | ActiveRecord: 0.0ms)


Started GET "/" for 127.0.0.1 at 2019-02-26 14:51:03 -0600
Processing by Rails::WelcomeController#index as HTML
  Rendering /Users/colin/.rbenv/versions/2.6.1/lib/ruby/gems/2.6.0/gems/railties-5.2.2/lib/rails/templates/rails/welcome/index.html.erb
  Rendered /Users/colin/.rbenv/versions/2.6.1/lib/ruby/gems/2.6.0/gems/railties-5.2.2/lib/rails/templates/rails/welcome/index.html.erb (5.7ms)
Completed 200 OK in 11ms (Views: 8.6ms | ActiveRecord: 0.0ms)


Started GET "/" for 127.0.0.1 at 2019-02-26 14:51:03 -0600
Processing by Rails::WelcomeController#index as HTML
  Rendering /Users/colin/.rbenv/versions/2.6.1/lib/ruby/gems/2.6.0/gems/railties-5.2.2/lib/rails/templates/rails/welcome/index.html.erb
  Rendered /Users/colin/.rbenv/versions/2.6.1/lib/ruby/gems/2.6.0/gems/railties-5.2.2/lib/rails/templates/rails/welcome/index.html.erb (3.3ms)
Completed 200 OK in 7ms (Views: 5.5ms | ActiveRecord: 0.0ms)


Started GET "/" for 127.0.0.1 at 2019-02-26 14:51:03 -0600
Processing by Rails::WelcomeController#index as HTML
  Rendering /Users/colin/.rbenv/versions/2.6.1/lib/ruby/gems/2.6.0/gems/railties-5.2.2/lib/rails/templates/rails/welcome/index.html.erb
  Rendered /Users/colin/.rbenv/versions/2.6.1/lib/ruby/gems/2.6.0/gems/railties-5.2.2/lib/rails/templates/rails/welcome/index.html.erb (5.0ms)
Completed 200 OK in 9ms (Views: 6.9ms | ActiveRecord: 0.0ms)


Started GET "/" for 127.0.0.1 at 2019-02-26 14:51:03 -0600
Processing by Rails::WelcomeController#index as HTML
  Rendering /Users/colin/.rbenv/versions/2.6.1/lib/ruby/gems/2.6.0/gems/railties-5.2.2/lib/rails/templates/rails/welcome/index.html.erb
  Rendered /Users/colin/.rbenv/versions/2.6.1/lib/ruby/gems/2.6.0/gems/railties-5.2.2/lib/rails/templates/rails/welcome/index.html.erb (3.1ms)
Completed 200 OK in 7ms (Views: 4.8ms | ActiveRecord: 0.0ms)


Started GET "/" for 127.0.0.1 at 2019-02-26 14:51:04 -0600
Processing by Rails::WelcomeController#index as HTML
  Rendering /Users/colin/.rbenv/versions/2.6.1/lib/ruby/gems/2.6.0/gems/railties-5.2.2/lib/rails/templates/rails/welcome/index.html.erb
  Rendered /Users/colin/.rbenv/versions/2.6.1/lib/ruby/gems/2.6.0/gems/railties-5.2.2/lib/rails/templates/rails/welcome/index.html.erb (2.9ms)
Completed 200 OK in 7ms (Views: 4.8ms | ActiveRecord: 0.0ms)


Started GET "/" for 127.0.0.1 at 2019-02-26 14:51:04 -0600
Processing by Rails::WelcomeController#index as HTML
  Rendering /Users/colin/.rbenv/versions/2.6.1/lib/ruby/gems/2.6.0/gems/railties-5.2.2/lib/rails/templates/rails/welcome/index.html.erb
  Rendered /Users/colin/.rbenv/versions/2.6.1/lib/ruby/gems/2.6.0/gems/railties-5.2.2/lib/rails/templates/rails/welcome/index.html.erb (2.8ms)
Completed 200 OK in 8ms (Views: 4.9ms | ActiveRecord: 0.0ms)


Started GET "/" for 127.0.0.1 at 2019-02-26 14:52:17 -0600
Processing by Rails::WelcomeController#index as HTML
  Rendering /Users/colin/.rbenv/versions/2.6.1/lib/ruby/gems/2.6.0/gems/railties-5.2.2/lib/rails/templates/rails/welcome/index.html.erb
  Rendered /Users/colin/.rbenv/versions/2.6.1/lib/ruby/gems/2.6.0/gems/railties-5.2.2/lib/rails/templates/rails/welcome/index.html.erb (2.9ms)
Completed 200 OK in 9ms (Views: 6.0ms | ActiveRecord: 0.0ms)


Started GET "/" for 127.0.0.1 at 2019-02-26 14:52:17 -0600
Processing by Rails::WelcomeController#index as HTML
  Rendering /Users/colin/.rbenv/versions/2.6.1/lib/ruby/gems/2.6.0/gems/railties-5.2.2/lib/rails/templates/rails/welcome/index.html.erb
  Rendered /Users/colin/.rbenv/versions/2.6.1/lib/ruby/gems/2.6.0/gems/railties-5.2.2/lib/rails/templates/rails/welcome/index.html.erb (3.9ms)
Completed 200 OK in 8ms (Views: 5.6ms | ActiveRecord: 0.0ms)


Started GET "/" for 127.0.0.1 at 2019-02-26 14:52:17 -0600
Processing by Rails::WelcomeController#index as HTML
  Rendering /Users/colin/.rbenv/versions/2.6.1/lib/ruby/gems/2.6.0/gems/railties-5.2.2/lib/rails/templates/rails/welcome/index.html.erb
  Rendered /Users/colin/.rbenv/versions/2.6.1/lib/ruby/gems/2.6.0/gems/railties-5.2.2/lib/rails/templates/rails/welcome/index.html.erb (3.6ms)
Completed 200 OK in 9ms (Views: 6.5ms | ActiveRecord: 0.0ms)


Started GET "/" for 127.0.0.1 at 2019-02-26 14:52:17 -0600
Processing by Rails::WelcomeController#index as HTML
  Rendering /Users/colin/.rbenv/versions/2.6.1/lib/ruby/gems/2.6.0/gems/railties-5.2.2/lib/rails/templates/rails/welcome/index.html.erb
  Rendered /Users/colin/.rbenv/versions/2.6.1/lib/ruby/gems/2.6.0/gems/railties-5.2.2/lib/rails/templates/rails/welcome/index.html.erb (3.0ms)
Completed 200 OK in 8ms (Views: 5.1ms | ActiveRecord: 0.0ms)


Started GET "/" for 127.0.0.1 at 2019-02-26 14:52:18 -0600
Processing by Rails::WelcomeController#index as HTML
  Rendering /Users/colin/.rbenv/versions/2.6.1/lib/ruby/gems/2.6.0/gems/railties-5.2.2/lib/rails/templates/rails/welcome/index.html.erb
  Rendered /Users/colin/.rbenv/versions/2.6.1/lib/ruby/gems/2.6.0/gems/railties-5.2.2/lib/rails/templates/rails/welcome/index.html.erb (3.3ms)
Completed 200 OK in 8ms (Views: 5.0ms | ActiveRecord: 0.0ms)


Started GET "/" for 127.0.0.1 at 2019-02-26 14:52:18 -0600
Processing by Rails::WelcomeController#index as HTML
  Rendering /Users/colin/.rbenv/versions/2.6.1/lib/ruby/gems/2.6.0/gems/railties-5.2.2/lib/rails/templates/rails/welcome/index.html.erb
  Rendered /Users/colin/.rbenv/versions/2.6.1/lib/ruby/gems/2.6.0/gems/railties-5.2.2/lib/rails/templates/rails/welcome/index.html.erb (3.5ms)
Completed 200 OK in 8ms (Views: 4.9ms | ActiveRecord: 0.0ms)


Started GET "/" for 127.0.0.1 at 2019-02-26 14:52:18 -0600
Processing by Rails::WelcomeController#index as HTML
  Rendering /Users/colin/.rbenv/versions/2.6.1/lib/ruby/gems/2.6.0/gems/railties-5.2.2/lib/rails/templates/rails/welcome/index.html.erb
  Rendered /Users/colin/.rbenv/versions/2.6.1/lib/ruby/gems/2.6.0/gems/railties-5.2.2/lib/rails/templates/rails/welcome/index.html.erb (2.5ms)
Completed 200 OK in 7ms (Views: 4.2ms | ActiveRecord: 0.0ms)


Started GET "/" for 127.0.0.1 at 2019-02-26 14:52:18 -0600
Processing by Rails::WelcomeController#index as HTML
  Rendering /Users/colin/.rbenv/versions/2.6.1/lib/ruby/gems/2.6.0/gems/railties-5.2.2/lib/rails/templates/rails/welcome/index.html.erb
  Rendered /Users/colin/.rbenv/versions/2.6.1/lib/ruby/gems/2.6.0/gems/railties-5.2.2/lib/rails/templates/rails/welcome/index.html.erb (4.7ms)
Completed 200 OK in 11ms (Views: 6.9ms | ActiveRecord: 0.0ms)


